
Showing logs for build [32mcb-kubecd-environment-pr-172-25-mwfvs-1[0m stage [32mfrom-build-pack[0m and container [32mstep-credential-initializer-drh4t[0m
{"level":"warn","ts":1583250279.5358598,"logger":"fallback-logger","caller":"logging/config.go:69","msg":"Fetch GitHub commit ID from kodata failed: \"ref: refs/heads/0.8.0-**-support-backwards-incompats\" is not a valid GitHub commit ID"}
{"level":"info","ts":1583250279.5373394,"logger":"fallback-logger","caller":"creds-init/main.go:40","msg":"Credentials initialized."}

Showing logs for build [32mcb-kubecd-environment-pr-172-25-mwfvs-1[0m stage [32mfrom-build-pack[0m and container [32mstep-working-dir-initializer-4x5zj[0m
{"level":"warn","ts":1583250280.8108382,"logger":"fallback-logger","caller":"logging/config.go:69","msg":"Fetch GitHub commit ID from kodata failed: open /var/run/ko/HEAD: no such file or directory"}
{"level":"info","ts":1583250280.8166955,"logger":"fallback-logger","caller":"bash/main.go:64","msg":"Successfully executed command \"sh -c mkdir -p /workspace/source\"; output "}

Showing logs for build [32mcb-kubecd-environment-pr-172-25-mwfvs-1[0m stage [32mfrom-build-pack[0m and container [32mstep-place-tools[0m

Showing logs for build [32mcb-kubecd-environment-pr-172-25-mwfvs-1[0m stage [32mfrom-build-pack[0m and container [32mstep-git-source-cb-kubecd-environment-pr-172-25-mwfvs-b2565[0m
{"level":"warn","ts":1583250286.8022838,"logger":"fallback-logger","caller":"logging/config.go:69","msg":"Fetch GitHub commit ID from kodata failed: \"ref: refs/heads/0.8.0-**-support-backwards-incompats\" is not a valid GitHub commit ID"}
{"level":"info","ts":1583250287.977496,"logger":"fallback-logger","caller":"git/git.go:103","msg":"Successfully cloned https://github.com/cb-kubecd/environment-pr-172-25-boot-gke-staging.git @ master in path /workspace/source"}

Showing logs for build [32mcb-kubecd-environment-pr-172-25-mwfvs-1[0m stage [32mfrom-build-pack[0m and container [32mstep-git-merge[0m
Using SHAs from PULL_REFS=master:5d3157e53078b02afbabd45bd5c6b39f35b1c59d,7:6ebdc1be8c2b81bea979352874bcdce6c4c28448
DEBUG: LC_ALL=C JX_LOG_LEVEL=error git fetch origin --unshallow 6ebdc1be8c2b81bea979352874bcdce6c4c28448: 5d3157e53078b02afbabd45bd5c6b39f35b1c59d:
DEBUG: ran git fetch --unshallow origin 6ebdc1be8c2b81bea979352874bcdce6c4c28448: 5d3157e53078b02afbabd45bd5c6b39f35b1c59d: in 
DEBUG: LC_ALL=C JX_LOG_LEVEL=error git branch
DEBUG: JX_LOG_LEVEL=error LC_ALL=C git checkout master
DEBUG: ran git checkout master in 
DEBUG: JX_LOG_LEVEL=error LC_ALL=C git reset --hard 5d3157e53078b02afbabd45bd5c6b39f35b1c59d
DEBUG: ran git reset --hard 5d3157e53078b02afbabd45bd5c6b39f35b1c59d in 
DEBUG: LC_ALL=C JX_LOG_LEVEL=error git clean -fd .
DEBUG: ran clean --force -d . in 
DEBUG: LC_ALL=C JX_LOG_LEVEL=error git merge 6ebdc1be8c2b81bea979352874bcdce6c4c28448
DEBUG: ran git merge 6ebdc1be8c2b81bea979352874bcdce6c4c28448 in 
DEBUG: LC_ALL=C JX_LOG_LEVEL=error git log --format=%H%x1f%an%x1f%ae%x1f%cn%x1f%ce%x1f%s%n%b%x1e 5d3157e53078b02afbabd45bd5c6b39f35b1c59d..HEAD
Merged SHA 6ebdc1be8c2b81bea979352874bcdce6c4c28448 with commit message 'chore: Promote bdd-sbhg-import-1583248935 to version 0.0.1' into base branch master

Showing logs for build [32mcb-kubecd-environment-pr-172-25-mwfvs-1[0m stage [32mfrom-build-pack[0m and container [32mstep-build-helm-build[0m
WARNING: No $CHART_REPOSITORY defined so using the default value of: http://jenkins-x-chartmuseum:8080
Adding missing Helm repo: storage.googleapis.com https://storage.googleapis.com/chartmuseum.jenkins-x.io
WARNING: No secrets found on "helm/repos" due: reading the secret "helm/repos" from vault: no secret "helm/repos" not found in vault
Read credentials for https://storage.googleapis.com/chartmuseum.jenkins-x.io from vault helm/repos
Successfully added Helm repository storage.googleapis.com.
Adding missing Helm repo: jenkins-x-chartmuseum http://jenkins-x-chartmuseum:8080
WARNING: No secrets found on "helm/repos" due: reading the secret "helm/repos" from vault: no secret "helm/repos" not found in vault
Read credentials for http://jenkins-x-chartmuseum:8080 from vault helm/repos
Successfully added Helm repository jenkins-x-chartmuseum.
WARNING: No $CHART_REPOSITORY defined so using the default value of: http://jenkins-x-chartmuseum:8080
Adding missing Helm repo: chartmuseum.jenkins-x.io http://chartmuseum.jenkins-x.io
WARNING: No secrets found on "helm/repos" due: reading the secret "helm/repos" from vault: no secret "helm/repos" not found in vault
Read credentials for http://chartmuseum.jenkins-x.io from vault helm/repos
Successfully added Helm repository chartmuseum.jenkins-x.io.
